2025-10-31 15:02:58,004 CRIT Supervisor is running as root.  Privileges were not dropped because no user is specified in the config file.  If you intend to run as root, you can set user=root in the config file to avoid this message.
2025-10-31 15:02:58,007 INFO supervisord started with pid 1
2025-10-31 15:02:59,009 INFO spawned: 'nginx' with pid 7
2025-10-31 15:02:59,025 INFO spawned: 'php-fpm' with pid 8
2025-10-31 15:03:00,084 INFO success: nginx entered RUNNING state, process has stayed up for > than 1 seconds (startsecs)
2025-10-31 15:03:00,084 INFO success: php-fpm entered RUNNING state, process has stayed up for > than 1 seconds (startsecs)
2025-10-31 15:03:30,118 WARN received SIGTERM indicating exit request
2025-10-31 15:03:30,118 INFO waiting for nginx, php-fpm to die
2025-10-31 15:03:30,121 INFO stopped: php-fpm (exit status 0)
2025-10-31 15:03:30,148 INFO stopped: nginx (exit status 0)
2025-10-31 15:06:01,875 CRIT Supervisor is running as root.  Privileges were not dropped because no user is specified in the config file.  If you intend to run as root, you can set user=root in the config file to avoid this message.
2025-10-31 15:06:01,877 INFO supervisord started with pid 1
2025-10-31 15:06:02,879 INFO spawned: 'nginx' with pid 7
2025-10-31 15:06:02,880 INFO spawned: 'php-fpm' with pid 8
2025-10-31 15:06:03,897 INFO success: nginx entered RUNNING state, process has stayed up for > than 1 seconds (startsecs)
2025-10-31 15:06:03,897 INFO success: php-fpm entered RUNNING state, process has stayed up for > than 1 seconds (startsecs)
2025-10-31 15:07:58,021 WARN received SIGTERM indicating exit request
2025-10-31 15:07:58,021 INFO waiting for nginx, php-fpm to die
2025-10-31 15:07:58,024 INFO stopped: php-fpm (exit status 0)
2025-10-31 15:07:58,063 INFO stopped: nginx (exit status 0)
